<?xml version="1.0" encoding="UTF-8"?>
<!-- Generated by org.testng.reporters.JUnitReportReporter -->
<testsuite hostname="LAPTOP-SK2JEN1C" failures="0" tests="7" name="com.my.testing.TheInternet" time="0.043" errors="1" timestamp="2020-11-07T16:58:28 EST" skipped="6">
  <testcase classname="com.my.testing.TheInternet" name="tc37CanCheckCheckboxes" time="0.000">
    <skipped/>
  </testcase> <!-- tc37CanCheckCheckboxes -->
  <system-out/>
  <testcase classname="com.my.testing.TheInternet" name="tc4CanSelectDropdownListItem" time="0.000">
    <skipped/>
  </testcase> <!-- tc4CanSelectDropdownListItem -->
  <system-out/>
  <testcase classname="com.my.testing.TheInternet" name="tc7CanTypeTextIntoInput" time="0.000">
    <skipped/>
  </testcase> <!-- tc7CanTypeTextIntoInput -->
  <system-out/>
  <testcase classname="com.my.testing.TheInternet" name="beforeTest" time="0.043">
    <error message="The driver executable does not exist: C:\Users\Josh\git\Quintrix%20Training\Quintrix%20Training%20Project\target\test-classes\chromedriver.exe" type="java.lang.IllegalStateException">
      <![CDATA[java.lang.IllegalStateException: The driver executable does not exist: C:\Users\Josh\git\Quintrix%20Training\Quintrix%20Training%20Project\target\test-classes\chromedriver.exe
at com.google.common.base.Preconditions.checkState(Preconditions.java:585)
at org.openqa.selenium.remote.service.DriverService.checkExecutable(DriverService.java:146)
at org.openqa.selenium.remote.service.DriverService.findExecutable(DriverService.java:141)
at org.openqa.selenium.chrome.ChromeDriverService.access$000(ChromeDriverService.java:35)
at org.openqa.selenium.chrome.ChromeDriverService$Builder.findDefaultExecutable(ChromeDriverService.java:159)
at org.openqa.selenium.remote.service.DriverService$Builder.build(DriverService.java:355)
at org.openqa.selenium.chrome.ChromeDriverService.createDefaultService(ChromeDriverService.java:94)
at org.openqa.selenium.chrome.ChromeDriver.<init>(ChromeDriver.java:123)
at com.my.testing.TheInternetTestBase.LoadConfigurations(TheInternetTestBase.java:29)
at com.my.testing.TheInternetTestBase.beforeTest(TheInternetTestBase.java:16)
at java.base/jdk.internal.reflect.NativeMethodAccessorImpl.invoke0(Native Method)
at java.base/jdk.internal.reflect.NativeMethodAccessorImpl.invoke(NativeMethodAccessorImpl.java:62)
at java.base/jdk.internal.reflect.DelegatingMethodAccessorImpl.invoke(DelegatingMethodAccessorImpl.java:43)
at java.base/java.lang.reflect.Method.invoke(Method.java:564)
at org.testng.internal.MethodInvocationHelper.invokeMethod(MethodInvocationHelper.java:132)
at org.testng.internal.MethodInvocationHelper.invokeMethodConsideringTimeout(MethodInvocationHelper.java:61)
at org.testng.internal.ConfigInvoker.invokeConfigurationMethod(ConfigInvoker.java:366)
at org.testng.internal.ConfigInvoker.invokeConfigurations(ConfigInvoker.java:320)
at org.testng.TestRunner.invokeTestConfigurations(TestRunner.java:617)
at org.testng.TestRunner.beforeRun(TestRunner.java:607)
at org.testng.TestRunner.run(TestRunner.java:578)
at org.testng.SuiteRunner.runTest(SuiteRunner.java:384)
at org.testng.SuiteRunner.runSequentially(SuiteRunner.java:378)
at org.testng.SuiteRunner.privateRun(SuiteRunner.java:337)
at org.testng.SuiteRunner.run(SuiteRunner.java:286)
at org.testng.SuiteRunnerWorker.runSuite(SuiteRunnerWorker.java:53)
at org.testng.SuiteRunnerWorker.run(SuiteRunnerWorker.java:96)
at org.testng.TestNG.runSuitesSequentially(TestNG.java:1218)
at org.testng.TestNG.runSuitesLocally(TestNG.java:1140)
at org.testng.TestNG.runSuites(TestNG.java:1069)
at org.testng.TestNG.run(TestNG.java:1037)
at org.testng.remote.AbstractRemoteTestNG.run(AbstractRemoteTestNG.java:115)
at org.testng.remote.RemoteTestNG.initAndRun(RemoteTestNG.java:251)
at org.testng.remote.RemoteTestNG.main(RemoteTestNG.java:77)
]]>
    </error>
  </testcase> <!-- beforeTest -->
  <system-out/>
  <testcase classname="com.my.testing.TheInternet" name="canNavigateToIndexPage" time="0.000">
    <skipped/>
  </testcase> <!-- canNavigateToIndexPage -->
  <system-out/>
  <testcase classname="com.my.testing.TheInternet" name="canLaunchChromeDriver" time="0.000">
    <skipped/>
  </testcase> <!-- canLaunchChromeDriver -->
  <system-out/>
  <testcase classname="com.my.testing.TheInternet" name="tc9CanIncrementNumericValue" time="0.000">
    <skipped/>
  </testcase> <!-- tc9CanIncrementNumericValue -->
  <system-out/>
</testsuite> <!-- com.my.testing.TheInternet -->
