<?xml version="1.0" encoding="UTF-8"?>
<testng-results ignored="0" total="34" passed="33" failed="1" skipped="0">
  <reporter-output>
  </reporter-output>
  <suite started-at="2020-11-21T17:59:58 EST" name="Default suite" finished-at="2020-11-21T18:01:33 EST" duration-ms="95247">
    <groups>
    </groups>
    <test started-at="2020-11-21T17:59:58 EST" name="Default test" finished-at="2020-11-21T18:01:33 EST" duration-ms="95247">
      <class name="theInternet.tests.TheInternet">
        <test-method is-config="true" signature="beforeTest()[pri:0, instance:theInternet.tests.TheInternet@96def03]" started-at="2020-11-21T17:59:58 EST" name="beforeTest" finished-at="2020-11-21T18:00:01 EST" duration-ms="3744" status="PASS">
          <reporter-output>
          </reporter-output>
        </test-method> <!-- beforeTest -->
        <test-method signature="canLaunchChromeDriver()[pri:0, instance:theInternet.tests.TheInternet@96def03]" started-at="2020-11-21T18:00:01 EST" name="canLaunchChromeDriver" finished-at="2020-11-21T18:00:02 EST" duration-ms="388" status="PASS">
          <reporter-output>
          </reporter-output>
        </test-method> <!-- canLaunchChromeDriver -->
        <test-method signature="canNavigateToIndexPage()[pri:0, instance:theInternet.tests.TheInternet@96def03]" started-at="2020-11-21T18:00:02 EST" name="canNavigateToIndexPage" finished-at="2020-11-21T18:00:02 EST" duration-ms="138" status="PASS">
          <reporter-output>
          </reporter-output>
        </test-method> <!-- canNavigateToIndexPage -->
        <test-method signature="tc103CanDetectAlphabet()[pri:0, instance:theInternet.tests.TheInternet@96def03]" started-at="2020-11-21T18:00:02 EST" name="tc103CanDetectAlphabet" finished-at="2020-11-21T18:00:04 EST" duration-ms="1598" status="PASS">
          <reporter-output>
          </reporter-output>
        </test-method> <!-- tc103CanDetectAlphabet -->
        <test-method signature="tc114ChallengingDOM()[pri:0, instance:theInternet.tests.TheInternet@96def03]" started-at="2020-11-21T18:00:04 EST" name="tc114ChallengingDOM" finished-at="2020-11-21T18:00:04 EST" duration-ms="407" status="PASS">
          <reporter-output>
          </reporter-output>
        </test-method> <!-- tc114ChallengingDOM -->
        <test-method signature="tc12CanDeleteButtonDelete()[pri:0, instance:theInternet.tests.TheInternet@96def03]" started-at="2020-11-21T18:00:04 EST" name="tc12CanDeleteButtonDelete" finished-at="2020-11-21T18:00:04 EST" duration-ms="355" status="PASS">
          <reporter-output>
          </reporter-output>
        </test-method> <!-- tc12CanDeleteButtonDelete -->
        <test-method signature="tc13CanCloseAd()[pri:0, instance:theInternet.tests.TheInternet@96def03]" started-at="2020-11-21T18:00:04 EST" name="tc13CanCloseAd" finished-at="2020-11-21T18:00:05 EST" duration-ms="808" status="PASS">
          <reporter-output>
          </reporter-output>
        </test-method> <!-- tc13CanCloseAd -->
        <test-method signature="tc17CanSendInputToJSPrompt()[pri:0, instance:theInternet.tests.TheInternet@96def03]" started-at="2020-11-21T18:00:05 EST" name="tc17CanSendInputToJSPrompt" finished-at="2020-11-21T18:00:05 EST" duration-ms="291" status="PASS">
          <reporter-output>
          </reporter-output>
        </test-method> <!-- tc17CanSendInputToJSPrompt -->
        <test-method signature="tc18CanDownloadFile()[pri:0, instance:theInternet.tests.TheInternet@96def03]" started-at="2020-11-21T18:00:05 EST" name="tc18CanDownloadFile" finished-at="2020-11-21T18:00:06 EST" duration-ms="160" status="FAIL">
          <exception class="java.lang.AssertionError">
            <message>
              <![CDATA[null]]>
            </message>
            <full-stacktrace>
              <![CDATA[java.lang.AssertionError: null
at org.testng.Assert.fail(Assert.java:99)
at org.testng.Assert.fail(Assert.java:106)
at theInternet.tests.TheInternet.tc18CanDownloadFile(TheInternet.java:509)
at java.base/jdk.internal.reflect.NativeMethodAccessorImpl.invoke0(Native Method)
at java.base/jdk.internal.reflect.NativeMethodAccessorImpl.invoke(NativeMethodAccessorImpl.java:62)
at java.base/jdk.internal.reflect.DelegatingMethodAccessorImpl.invoke(DelegatingMethodAccessorImpl.java:43)
at java.base/java.lang.reflect.Method.invoke(Method.java:564)
at org.testng.internal.MethodInvocationHelper.invokeMethod(MethodInvocationHelper.java:132)
at org.testng.internal.TestInvoker.invokeMethod(TestInvoker.java:599)
at org.testng.internal.TestInvoker.invokeTestMethod(TestInvoker.java:174)
at org.testng.internal.MethodRunner.runInSequence(MethodRunner.java:46)
at org.testng.internal.TestInvoker$MethodInvocationAgent.invoke(TestInvoker.java:822)
at org.testng.internal.TestInvoker.invokeTestMethods(TestInvoker.java:147)
at org.testng.internal.TestMethodWorker.invokeTestMethods(TestMethodWorker.java:146)
at org.testng.internal.TestMethodWorker.run(TestMethodWorker.java:128)
at java.base/java.util.ArrayList.forEach(ArrayList.java:1510)
at org.testng.TestRunner.privateRun(TestRunner.java:764)
at org.testng.TestRunner.run(TestRunner.java:585)
at org.testng.SuiteRunner.runTest(SuiteRunner.java:384)
at org.testng.SuiteRunner.runSequentially(SuiteRunner.java:378)
at org.testng.SuiteRunner.privateRun(SuiteRunner.java:337)
at org.testng.SuiteRunner.run(SuiteRunner.java:286)
at org.testng.SuiteRunnerWorker.runSuite(SuiteRunnerWorker.java:53)
at org.testng.SuiteRunnerWorker.run(SuiteRunnerWorker.java:96)
at org.testng.TestNG.runSuitesSequentially(TestNG.java:1218)
at org.testng.TestNG.runSuitesLocally(TestNG.java:1140)
at org.testng.TestNG.runSuites(TestNG.java:1069)
at org.testng.TestNG.run(TestNG.java:1037)
at org.testng.remote.AbstractRemoteTestNG.run(AbstractRemoteTestNG.java:115)
at org.testng.remote.RemoteTestNG.initAndRun(RemoteTestNG.java:251)
at org.testng.remote.RemoteTestNG.main(RemoteTestNG.java:77)
]]>
            </full-stacktrace>
          </exception> <!-- java.lang.AssertionError -->
          <reporter-output>
          </reporter-output>
        </test-method> <!-- tc18CanDownloadFile -->
        <test-method signature="tc22AllHoverablesDisplayValidCaptions()[pri:0, instance:theInternet.tests.TheInternet@96def03]" started-at="2020-11-21T18:00:06 EST" name="tc22AllHoverablesDisplayValidCaptions" finished-at="2020-11-21T18:00:06 EST" duration-ms="671" status="PASS">
          <reporter-output>
          </reporter-output>
        </test-method> <!-- tc22AllHoverablesDisplayValidCaptions -->
        <test-method signature="tc22DoesContextMenuBoxWork()[pri:0, instance:theInternet.tests.TheInternet@96def03]" started-at="2020-11-21T18:00:06 EST" name="tc22DoesContextMenuBoxWork" finished-at="2020-11-21T18:00:07 EST" duration-ms="290" status="PASS">
          <reporter-output>
          </reporter-output>
        </test-method> <!-- tc22DoesContextMenuBoxWork -->
        <test-method signature="tc28CanCheckBoxByLabel()[pri:0, instance:theInternet.tests.TheInternet@96def03]" started-at="2020-11-21T18:00:07 EST" name="tc28CanCheckBoxByLabel" finished-at="2020-11-21T18:00:07 EST" duration-ms="281" status="PASS">
          <reporter-output>
          </reporter-output>
        </test-method> <!-- tc28CanCheckBoxByLabel -->
        <test-method signature="tc28SortableTable()[pri:0, instance:theInternet.tests.TheInternet@96def03]" started-at="2020-11-21T18:00:07 EST" name="tc28SortableTable" finished-at="2020-11-21T18:00:07 EST" duration-ms="434" status="PASS">
          <reporter-output>
          </reporter-output>
        </test-method> <!-- tc28SortableTable -->
        <test-method signature="tc37CanCheckAllCheckboxes()[pri:0, instance:theInternet.tests.TheInternet@96def03]" started-at="2020-11-21T18:00:07 EST" name="tc37CanCheckAllCheckboxes" finished-at="2020-11-21T18:00:07 EST" duration-ms="251" status="PASS">
          <reporter-output>
          </reporter-output>
        </test-method> <!-- tc37CanCheckAllCheckboxes -->
        <test-method signature="tc38CanUncheckAllCheckboxes()[pri:0, instance:theInternet.tests.TheInternet@96def03]" started-at="2020-11-21T18:00:07 EST" name="tc38CanUncheckAllCheckboxes" finished-at="2020-11-21T18:00:08 EST" duration-ms="247" status="PASS">
          <reporter-output>
          </reporter-output>
        </test-method> <!-- tc38CanUncheckAllCheckboxes -->
        <test-method signature="tc39CanChangeSliderValueWithKeys()[pri:0, instance:theInternet.tests.TheInternet@96def03]" started-at="2020-11-21T18:00:08 EST" name="tc39CanChangeSliderValueWithKeys" finished-at="2020-11-21T18:00:08 EST" duration-ms="564" status="PASS">
          <reporter-output>
          </reporter-output>
        </test-method> <!-- tc39CanChangeSliderValueWithKeys -->
        <test-method signature="tc3CanGetFrameText()[pri:0, instance:theInternet.tests.TheInternet@96def03]" started-at="2020-11-21T18:00:08 EST" name="tc3CanGetFrameText" finished-at="2020-11-21T18:00:09 EST" duration-ms="280" status="PASS">
          <reporter-output>
          </reporter-output>
        </test-method> <!-- tc3CanGetFrameText -->
        <test-method signature="tc42DynamicLoading()[pri:0, instance:theInternet.tests.TheInternet@96def03]" started-at="2020-11-21T18:00:09 EST" name="tc42DynamicLoading" finished-at="2020-11-21T18:00:14 EST" duration-ms="5541" status="PASS">
          <reporter-output>
          </reporter-output>
        </test-method> <!-- tc42DynamicLoading -->
        <test-method signature="tc43ShadowDOM()[pri:0, instance:theInternet.tests.TheInternet@96def03]" started-at="2020-11-21T18:00:14 EST" name="tc43ShadowDOM" finished-at="2020-11-21T18:00:14 EST" duration-ms="185" status="PASS">
          <reporter-output>
          </reporter-output>
        </test-method> <!-- tc43ShadowDOM -->
        <test-method signature="tc4CanSelectDropdownListItem()[pri:0, instance:theInternet.tests.TheInternet@96def03]" started-at="2020-11-21T18:00:14 EST" name="tc4CanSelectDropdownListItem" finished-at="2020-11-21T18:00:15 EST" duration-ms="307" status="PASS">
          <reporter-output>
          </reporter-output>
        </test-method> <!-- tc4CanSelectDropdownListItem -->
        <test-method signature="tc50CanValidUserValidPassword()[pri:0, instance:theInternet.tests.TheInternet@96def03]" started-at="2020-11-21T18:00:15 EST" name="tc50CanValidUserValidPassword" finished-at="2020-11-21T18:00:15 EST" duration-ms="542" status="PASS">
          <reporter-output>
          </reporter-output>
        </test-method> <!-- tc50CanValidUserValidPassword -->
        <test-method signature="tc51ValidateCSVMenuItemPath()[pri:0, instance:theInternet.tests.TheInternet@96def03]" started-at="2020-11-21T18:00:15 EST" name="tc51ValidateCSVMenuItemPath" finished-at="2020-11-21T18:00:16 EST" duration-ms="805" status="PASS">
          <reporter-output>
          </reporter-output>
        </test-method> <!-- tc51ValidateCSVMenuItemPath -->
        <test-method signature="tc52DoesGalleryInconsistentlyAppear()[pri:0, instance:theInternet.tests.TheInternet@96def03]" started-at="2020-11-21T18:00:16 EST" name="tc52DoesGalleryInconsistentlyAppear" finished-at="2020-11-21T18:00:17 EST" duration-ms="784" status="PASS">
          <reporter-output>
          </reporter-output>
        </test-method> <!-- tc52DoesGalleryInconsistentlyAppear -->
        <test-method signature="tc54CanSendValidBasicAuth()[pri:0, instance:theInternet.tests.TheInternet@96def03]" started-at="2020-11-21T18:00:17 EST" name="tc54CanSendValidBasicAuth" finished-at="2020-11-21T18:00:17 EST" duration-ms="206" status="PASS">
          <reporter-output>
          </reporter-output>
        </test-method> <!-- tc54CanSendValidBasicAuth -->
        <test-method signature="tc5CanScrollFor30Seconds()[pri:0, instance:theInternet.tests.TheInternet@96def03]" started-at="2020-11-21T18:00:17 EST" name="tc5CanScrollFor30Seconds" finished-at="2020-11-21T18:00:47 EST" duration-ms="30211" status="PASS">
          <reporter-output>
          </reporter-output>
        </test-method> <!-- tc5CanScrollFor30Seconds -->
        <test-method signature="tc61CanDragDropSwitchHeaders()[pri:0, instance:theInternet.tests.TheInternet@96def03]" started-at="2020-11-21T18:00:47 EST" name="tc61CanDragDropSwitchHeaders" finished-at="2020-11-21T18:00:47 EST" duration-ms="198" status="PASS">
          <reporter-output>
          </reporter-output>
        </test-method> <!-- tc61CanDragDropSwitchHeaders -->
        <test-method signature="tc64CanOpenNewValidWindowWithLink()[pri:0, instance:theInternet.tests.TheInternet@96def03]" started-at="2020-11-21T18:00:47 EST" name="tc64CanOpenNewValidWindowWithLink" finished-at="2020-11-21T18:00:50 EST" duration-ms="2276" status="PASS">
          <reporter-output>
          </reporter-output>
        </test-method> <!-- tc64CanOpenNewValidWindowWithLink -->
        <test-method signature="tc67CatchesExitIntent()[pri:0, instance:theInternet.tests.TheInternet@96def03]" started-at="2020-11-21T18:00:50 EST" name="tc67CatchesExitIntent" finished-at="2020-11-21T18:01:00 EST" duration-ms="10464" status="PASS">
          <reporter-output>
          </reporter-output>
        </test-method> <!-- tc67CatchesExitIntent -->
        <test-method signature="tc6IsSevereErrorPresent()[pri:0, instance:theInternet.tests.TheInternet@96def03]" started-at="2020-11-21T18:01:00 EST" name="tc6IsSevereErrorPresent" finished-at="2020-11-21T18:01:00 EST" duration-ms="113" status="PASS">
          <reporter-output>
          </reporter-output>
        </test-method> <!-- tc6IsSevereErrorPresent -->
        <test-method signature="tc75CanSetWYSIWYGEditorText()[pri:0, instance:theInternet.tests.TheInternet@96def03]" started-at="2020-11-21T18:01:00 EST" name="tc75CanSetWYSIWYGEditorText" finished-at="2020-11-21T18:01:01 EST" duration-ms="295" status="PASS">
          <reporter-output>
          </reporter-output>
        </test-method> <!-- tc75CanSetWYSIWYGEditorText -->
        <test-method signature="tc75CanUploadFile()[pri:0, instance:theInternet.tests.TheInternet@96def03]" started-at="2020-11-21T18:01:01 EST" name="tc75CanUploadFile" finished-at="2020-11-21T18:01:01 EST" duration-ms="448" status="PASS">
          <reporter-output>
          </reporter-output>
        </test-method> <!-- tc75CanUploadFile -->
        <test-method signature="tc76DoesPageLoadWithin35Seconds()[pri:0, instance:theInternet.tests.TheInternet@96def03]" started-at="2020-11-21T18:01:01 EST" name="tc76DoesPageLoadWithin35Seconds" finished-at="2020-11-21T18:01:31 EST" duration-ms="30357" status="PASS">
          <reporter-output>
          </reporter-output>
        </test-method> <!-- tc76DoesPageLoadWithin35Seconds -->
        <test-method signature="tc7CanTypeTextIntoInput()[pri:0, instance:theInternet.tests.TheInternet@96def03]" started-at="2020-11-21T18:01:31 EST" name="tc7CanTypeTextIntoInput" finished-at="2020-11-21T18:01:32 EST" duration-ms="250" status="PASS">
          <reporter-output>
          </reporter-output>
        </test-method> <!-- tc7CanTypeTextIntoInput -->
        <test-method signature="tc8CanRedirectWithLink()[pri:0, instance:theInternet.tests.TheInternet@96def03]" started-at="2020-11-21T18:01:32 EST" name="tc8CanRedirectWithLink" finished-at="2020-11-21T18:01:32 EST" duration-ms="301" status="PASS">
          <reporter-output>
          </reporter-output>
        </test-method> <!-- tc8CanRedirectWithLink -->
        <test-method signature="tc9CanIncrementNumericValue()[pri:0, instance:theInternet.tests.TheInternet@96def03]" started-at="2020-11-21T18:01:32 EST" name="tc9CanIncrementNumericValue" finished-at="2020-11-21T18:01:32 EST" duration-ms="338" status="PASS">
          <reporter-output>
          </reporter-output>
        </test-method> <!-- tc9CanIncrementNumericValue -->
        <test-method is-config="true" signature="afterTest()[pri:0, instance:theInternet.tests.TheInternet@96def03]" started-at="2020-11-21T18:01:32 EST" name="afterTest" finished-at="2020-11-21T18:01:33 EST" duration-ms="646" status="PASS">
          <reporter-output>
          </reporter-output>
        </test-method> <!-- afterTest -->
      </class> <!-- theInternet.tests.TheInternet -->
    </test> <!-- Default test -->
  </suite> <!-- Default suite -->
</testng-results>
